Base path: /Applications/Unity/Unity.app/Contents
Cmd: initializeCompiler
Cmd: compileComputeKernel
  api=14 insize=2863 outsize=48933 ok=1
Cmd: compileComputeKernel
  api=14 insize=11176 outsize=11297 ok=1
Cmd: translateComputeKernel
  api=14 insize=10553 outsize=18425 ok=1
Cmd: translateComputeKernel
  api=14 insize=5765 outsize=8357 ok=1
Cmd: compileComputeKernel
  api=14 insize=18731 outsize=9637 ok=1
Cmd: translateComputeKernel
  api=14 insize=9405 outsize=16213 ok=1
Cmd: translateComputeKernel
  api=14 insize=11489 outsize=25117 ok=1
Cmd: compileComputeKernel
  api=14 insize=2953 outsize=2021 ok=1
Cmd: translateComputeKernel
  api=14 insize=853 outsize=785 ok=1
Cmd: translateComputeKernel
  api=14 insize=2077 outsize=3273 ok=1
Cmd: initializeCompiler
Cmd: initializeCompiler
Cmd: initializeCompiler
Cmd: initializeCompiler
