Base path: /Applications/Unity/Unity.app/Contents
Cmd: initializeCompiler
Cmd: compileComputeKernel
  api=14 insize=1226 outsize=1433 ok=1
Cmd: compileComputeKernel
  api=14 insize=11176 outsize=11453 ok=1
Cmd: translateComputeKernel
  api=14 insize=11453 outsize=22673 ok=1
Cmd: compileComputeKernel
  api=14 insize=5022 outsize=5141 ok=1
Cmd: compileComputeKernel
  api=14 insize=3532 outsize=3265 ok=1
Cmd: compileComputeKernel
  api=14 insize=18731 outsize=9637 ok=1
Cmd: compileComputeKernel
  api=14 insize=18731 outsize=11797 ok=1
Cmd: translateComputeKernel
  api=14 insize=9721 outsize=16629 ok=1
Cmd: translateComputeKernel
  api=14 insize=11797 outsize=25505 ok=1
Cmd: compileComputeKernel
  api=14 insize=2953 outsize=2021 ok=1
Cmd: translateComputeKernel
  api=14 insize=2021 outsize=3173 ok=1
Cmd: compileComputeKernel
  api=14 insize=2120 outsize=1509 ok=1
Cmd: initializeCompiler
Cmd: initializeCompiler
