Base path: /Applications/Unity/Unity.app/Contents
Cmd: initializeCompiler
Cmd: compileComputeKernel
  api=14 insize=2134 outsize=789 ok=1
Cmd: translateComputeKernel
  api=14 insize=2129 outsize=3889 ok=1
Cmd: compileComputeKernel
  api=14 insize=11176 outsize=11297 ok=1
Cmd: translateComputeKernel
  api=14 insize=10553 outsize=18425 ok=1
Cmd: compileComputeKernel
  api=9 insize=5022 outsize=8161 ok=1
Cmd: translateComputeKernel
  api=14 insize=7289 outsize=11297 ok=1
Cmd: compileComputeKernel
  api=14 insize=18731 outsize=9721 ok=1
Cmd: translateComputeKernel
  api=14 insize=9405 outsize=16213 ok=1
Cmd: translateComputeKernel
  api=14 insize=11489 outsize=25117 ok=1
Cmd: translateComputeKernel
  api=14 insize=853 outsize=785 ok=1
Cmd: initializeCompiler
Cmd: initializeCompiler
